<?xml version="1.0" encoding="UTF-8"?>
<testng-results ignored="0" total="1" passed="1" failed="0" skipped="0">
  <reporter-output>
  </reporter-output>
  <suite started-at="2024-05-20T19:32:34 GST" name="Suite" finished-at="2024-05-20T19:32:44 GST" duration-ms="10030">
    <groups>
    </groups>
    <test started-at="2024-05-20T19:32:34 GST" name="Test" finished-at="2024-05-20T19:32:44 GST" duration-ms="10030">
      <class name="useCase.CaseStudy_1">
        <test-method is-config="true" signature="wrapOn()[pri:0, instance:useCase.CaseStudy_1@2e8c1c9b]" started-at="2024-05-20T19:31:29 GST" name="wrapOn" finished-at="2024-05-20T19:32:34 GST" duration-ms="64382" status="PASS">
          <reporter-output>
          </reporter-output>
        </test-method> <!-- wrapOn -->
        <test-method signature="scenario(java.lang.String,java.lang.String)[pri:0, instance:useCase.CaseStudy_1@2e8c1c9b]" started-at="2024-05-20T19:32:34 GST" name="scenario" finished-at="2024-05-20T19:32:44 GST" duration-ms="10014" status="PASS">
          <params>
            <param index="0">
              <value>
                <![CDATA[standard_user]]>
              </value>
            </param>
            <param index="1">
              <value>
                <![CDATA[secret_sauce]]>
              </value>
            </param>
          </params>
          <reporter-output>
          </reporter-output>
        </test-method> <!-- scenario -->
      </class> <!-- useCase.CaseStudy_1 -->
    </test> <!-- Test -->
  </suite> <!-- Suite -->
</testng-results>
